This is pdfTeX, Version 3.14159265-2.6-1.40.19 (TeX Live 2018/W32TeX) (preloaded format=pdflatex 2018.12.11)  27 MAY 2019 14:23
entering extended mode
 restricted \write18 enabled.
 %&-line parsing enabled.
**C:/Users/301602/AppData/Local/Temp/RtmpC8jdXJ/preview-24e05ff7207f.dir/LKmode
l-vignette.tex

(c:/Users/301602/AppData/Local/Temp/RtmpC8jdXJ/preview-24e05ff7207f.dir/LKmodel
-vignette.tex
LaTeX2e <2018-12-01>

! LaTeX Error: File `jss.cls' not found.

Type X to quit or <RETURN> to proceed,
or enter new name. (Default extension: cls)

Enter file name: 
! Emergency stop.
<read *> 
         
l.2 \usepackage
               [utf8]{inputenc}^^M 
Here is how much of TeX's memory you used:
 12 strings out of 492615
 493 string characters out of 6131321
 56957 words of memory out of 5000000
 4021 multiletter control sequences out of 15000+600000
 3640 words of font info for 14 fonts, out of 8000000 for 9000
 1141 hyphenation exceptions out of 8191
 10i,0n,8p,134b,8s stack positions out of 5000i,500n,10000p,500000b,80000s

!  ==> Fatal error occurred, no output PDF file produced!
